#
# There is insufficient memory for the Java Runtime Environment to continue.
# Native memory allocation (malloc) failed to allocate 732816 bytes for Chunk::new
# Possible reasons:
#   The system is out of physical RAM or swap space
#   The process is running with CompressedOops enabled, and the Java Heap may be blocking the growth of the native heap
# Possible solutions:
#   Reduce memory load on the system
#   Increase physical memory or swap space
#   Check if swap backing store is full
#   Decrease Java heap size (-Xmx/-Xms)
#   Decrease number of Java threads
#   Decrease Java thread stack sizes (-Xss)
#   Set larger code cache with -XX:ReservedCodeCacheSize=
#   JVM is running with Unscaled Compressed Oops mode in which the Java heap is
#     placed in the first 4GB address space. The Java Heap base address is the
#     maximum limit for the native heap growth. Please use -XX:HeapBaseMinAddress
#     to set the Java Heap base and to place the Java Heap above 4GB virtual address.
# This output file may be truncated or incomplete.
#
#  Out of Memory Error (allocation.cpp:389), pid=10548, tid=0x0000000000000bdc
#
# JRE version: OpenJDK Runtime Environment (8.0_262-b10) (build 1.8.0_262-b10)
# Java VM: OpenJDK 64-Bit Server VM (25.262-b10 mixed mode windows-amd64 compressed oops)
# Failed to write core dump. Minidumps are not enabled by default on client versions of Windows
#

---------------  T H R E A D  ---------------

Current thread (0x00000000164d9800):  JavaThread "C2 CompilerThread1" daemon [_thread_in_native, id=3036, stack(0x0000000016ea0000,0x0000000016fa0000)]

Stack: [0x0000000016ea0000,0x0000000016fa0000]
[error occurred during error reporting (printing stack bounds), id 0xc0000005]

Native frames: (J=compiled Java code, j=interpreted, Vv=VM code, C=native code)


Current CompileTask:
C2: 116962 5828       4       sun.reflect.generics.parser.SignatureParser::parsePackageNameAndSimpleClassTypeSignature (139 bytes)


---------------  P R O C E S S  ---------------

Java Threads: ( => current thread )
  0x000000001c95f000 JavaThread "Memory manager" [_thread_blocked, id=11140, stack(0x0000000027110000,0x0000000027210000)]
  0x000000001c95e800 JavaThread "jar transforms Thread 98" [_thread_blocked, id=17468, stack(0x0000000026a10000,0x0000000026b10000)]
  0x000000001c959000 JavaThread "jar transforms Thread 97" [_thread_blocked, id=11508, stack(0x0000000026910000,0x0000000026a10000)]
  0x000000001c95d000 JavaThread "jar transforms Thread 96" [_thread_blocked, id=15376, stack(0x0000000026810000,0x0000000026910000)]
  0x000000001c95a000 JavaThread "jar transforms Thread 95" [_thread_blocked, id=3764, stack(0x0000000026710000,0x0000000026810000)]
  0x000000001c960000 JavaThread "jar transforms Thread 94" [_thread_blocked, id=8976, stack(0x0000000026610000,0x0000000026710000)]
  0x000000001c95c000 JavaThread "jar transforms Thread 93" [_thread_blocked, id=3556, stack(0x0000000026510000,0x0000000026610000)]
  0x000000001c95b800 JavaThread "jar transforms Thread 92" [_thread_blocked, id=13744, stack(0x0000000026410000,0x0000000026510000)]
  0x000000001c958800 JavaThread "jar transforms Thread 91" [_thread_blocked, id=8956, stack(0x0000000026310000,0x0000000026410000)]
  0x000000001c95a800 JavaThread "jar transforms Thread 90" [_thread_blocked, id=4064, stack(0x0000000026210000,0x0000000026310000)]
  0x000000001d042800 JavaThread "jar transforms Thread 89" [_thread_blocked, id=16716, stack(0x0000000026110000,0x0000000026210000)]
  0x000000001d041800 JavaThread "jar transforms Thread 88" [_thread_blocked, id=17948, stack(0x0000000026010000,0x0000000026110000)]
  0x000000001d041000 JavaThread "jar transforms Thread 87" [_thread_blocked, id=17116, stack(0x0000000025f10000,0x0000000026010000)]
  0x000000001d040000 JavaThread "jar transforms Thread 86" [_thread_blocked, id=4196, stack(0x0000000025e10000,0x0000000025f10000)]
  0x000000001d03f800 JavaThread "jar transforms Thread 85" [_thread_blocked, id=2700, stack(0x0000000025d10000,0x0000000025e10000)]
  0x000000001d03e800 JavaThread "jar transforms Thread 84" [_thread_blocked, id=244, stack(0x0000000025c10000,0x0000000025d10000)]
  0x000000001d037000 JavaThread "jar transforms Thread 83" [_thread_blocked, id=16372, stack(0x0000000025b10000,0x0000000025c10000)]
  0x000000001d03e000 JavaThread "jar transforms Thread 82" [_thread_blocked, id=11052, stack(0x0000000025a10000,0x0000000025b10000)]
  0x000000001d036800 JavaThread "jar transforms Thread 81" [_thread_blocked, id=11060, stack(0x0000000025910000,0x0000000025a10000)]
  0x000000001d03d000 JavaThread "jar transforms Thread 80" [_thread_blocked, id=13348, stack(0x0000000025810000,0x0000000025910000)]
  0x000000001d038000 JavaThread "jar transforms Thread 79" [_thread_blocked, id=3248, stack(0x0000000025710000,0x0000000025810000)]
  0x000000001d035800 JavaThread "jar transforms Thread 78" [_thread_blocked, id=2580, stack(0x0000000025610000,0x0000000025710000)]
  0x000000001d03c800 JavaThread "jar transforms Thread 77" [_thread_blocked, id=5088, stack(0x0000000025510000,0x0000000025610000)]
  0x000000001d039800 JavaThread "jar transforms Thread 76" [_thread_blocked, id=10616, stack(0x0000000025410000,0x0000000025510000)]
  0x000000001d03b800 JavaThread "jar transforms Thread 75" [_thread_blocked, id=15976, stack(0x0000000025310000,0x0000000025410000)]
  0x000000001d03b000 JavaThread "jar transforms Thread 74" [_thread_blocked, id=14776, stack(0x0000000025210000,0x0000000025310000)]
  0x000000001d03a000 JavaThread "jar transforms Thread 73" [_thread_blocked, id=10712, stack(0x0000000025110000,0x0000000025210000)]
  0x000000001d035000 JavaThread "jar transforms Thread 72" [_thread_blocked, id=9496, stack(0x0000000025010000,0x0000000025110000)]
  0x000000001d038800 JavaThread "jar transforms Thread 71" [_thread_blocked, id=16320, stack(0x0000000024f10000,0x0000000025010000)]
  0x000000001d034000 JavaThread "jar transforms Thread 70" [_thread_blocked, id=13820, stack(0x0000000024e10000,0x0000000024f10000)]
  0x000000001d033800 JavaThread "jar transforms Thread 69" [_thread_blocked, id=11996, stack(0x0000000024d10000,0x0000000024e10000)]
  0x0000000017a9d800 JavaThread "jar transforms Thread 68" [_thread_blocked, id=4040, stack(0x0000000024c10000,0x0000000024d10000)]
  0x0000000017a9e000 JavaThread "jar transforms Thread 67" [_thread_blocked, id=13136, stack(0x0000000024b10000,0x0000000024c10000)]
  0x0000000017aa4000 JavaThread "jar transforms Thread 66" [_thread_blocked, id=11912, stack(0x0000000024a10000,0x0000000024b10000)]
  0x0000000017aa3800 JavaThread "jar transforms Thread 65" [_thread_blocked, id=13780, stack(0x0000000024910000,0x0000000024a10000)]
  0x0000000017aa2800 JavaThread "jar transforms Thread 64" [_thread_blocked, id=9464, stack(0x0000000024710000,0x0000000024810000)]
  0x0000000017aa0800 JavaThread "jar transforms Thread 63" [_thread_blocked, id=13076, stack(0x0000000024610000,0x0000000024710000)]
  0x0000000017aa2000 JavaThread "jar transforms Thread 62" [_thread_blocked, id=9056, stack(0x0000000024510000,0x0000000024610000)]
  0x0000000017a9f000 JavaThread "jar transforms Thread 61" [_thread_blocked, id=6868, stack(0x0000000024410000,0x0000000024510000)]
  0x0000000017aa1000 JavaThread "jar transforms Thread 60" [_thread_blocked, id=4704, stack(0x0000000024310000,0x0000000024410000)]
  0x0000000017a9f800 JavaThread "jar transforms Thread 59" [_thread_blocked, id=8484, stack(0x0000000024210000,0x0000000024310000)]
  0x0000000017a96000 JavaThread "jar transforms Thread 58" [_thread_blocked, id=2228, stack(0x0000000024110000,0x0000000024210000)]
  0x0000000017a9c800 JavaThread "jar transforms Thread 57" [_thread_blocked, id=12788, stack(0x0000000024010000,0x0000000024110000)]
  0x0000000017a95000 JavaThread "jar transforms Thread 56" [_thread_blocked, id=18304, stack(0x0000000023f10000,0x0000000024010000)]
  0x0000000017a99000 JavaThread "jar transforms Thread 55" [_thread_blocked, id=12756, stack(0x0000000023e10000,0x0000000023f10000)]
  0x0000000017a98000 JavaThread "jar transforms Thread 54" [_thread_blocked, id=10144, stack(0x0000000023d10000,0x0000000023e10000)]
  0x0000000017a9c000 JavaThread "jar transforms Thread 53" [_thread_blocked, id=12444, stack(0x0000000023c10000,0x0000000023d10000)]
  0x0000000017a9b000 JavaThread "jar transforms Thread 52" [_thread_blocked, id=13904, stack(0x0000000023b10000,0x0000000023c10000)]
  0x0000000017a97800 JavaThread "jar transforms Thread 51" [_thread_blocked, id=4492, stack(0x0000000023a10000,0x0000000023b10000)]
  0x0000000017a99800 JavaThread "jar transforms Thread 50" [_thread_blocked, id=9340, stack(0x0000000023910000,0x0000000023a10000)]
  0x0000000017a96800 JavaThread "jar transforms Thread 49" [_thread_blocked, id=6612, stack(0x0000000023810000,0x0000000023910000)]
  0x0000000017a9a800 JavaThread "jar transforms Thread 48" [_thread_blocked, id=10260, stack(0x0000000023710000,0x0000000023810000)]
  0x000000001b7e3000 JavaThread "jar transforms Thread 47" [_thread_blocked, id=3496, stack(0x0000000023610000,0x0000000023710000)]
  0x000000001b7e6000 JavaThread "jar transforms Thread 46" [_thread_blocked, id=5772, stack(0x0000000023510000,0x0000000023610000)]
  0x000000001b7e8800 JavaThread "jar transforms Thread 45" [_thread_blocked, id=14704, stack(0x0000000023410000,0x0000000023510000)]
  0x000000001b7e2800 JavaThread "jar transforms Thread 44" [_thread_blocked, id=9120, stack(0x0000000023310000,0x0000000023410000)]
  0x000000001b7e4000 JavaThread "jar transforms Thread 43" [_thread_blocked, id=15916, stack(0x0000000023210000,0x0000000023310000)]
  0x000000001b7e7800 JavaThread "jar transforms Thread 42" [_thread_blocked, id=9156, stack(0x0000000023110000,0x0000000023210000)]
  0x000000001b7e7000 JavaThread "jar transforms Thread 41" [_thread_blocked, id=12260, stack(0x0000000023010000,0x0000000023110000)]
  0x000000001b7e4800 JavaThread "jar transforms Thread 40" [_thread_blocked, id=12104, stack(0x0000000022f10000,0x0000000023010000)]
  0x000000001b7e5800 JavaThread "jar transforms Thread 39" [_thread_blocked, id=3544, stack(0x0000000022e10000,0x0000000022f10000)]
  0x000000001b7db000 JavaThread "jar transforms Thread 38" [_thread_blocked, id=15240, stack(0x0000000022d10000,0x0000000022e10000)]
  0x000000001b7e1800 JavaThread "jar transforms Thread 37" [_thread_blocked, id=3528, stack(0x0000000022c10000,0x0000000022d10000)]
  0x000000001b7e1000 JavaThread "jar transforms Thread 36" [_thread_blocked, id=15724, stack(0x0000000022b10000,0x0000000022c10000)]
  0x000000001b7e0000 JavaThread "jar transforms Thread 35" [_thread_blocked, id=8616, stack(0x0000000022a10000,0x0000000022b10000)]
  0x000000001b7d9000 JavaThread "jar transforms Thread 34" [_thread_blocked, id=5468, stack(0x0000000022910000,0x0000000022a10000)]
  0x000000001b7dc800 JavaThread "jar transforms Thread 33" [_thread_blocked, id=5216, stack(0x0000000022810000,0x0000000022910000)]
  0x000000001b7df800 JavaThread "jar transforms Thread 32" [_thread_blocked, id=5076, stack(0x0000000022710000,0x0000000022810000)]
  0x000000001b7da000 JavaThread "jar transforms Thread 31" [_thread_blocked, id=1036, stack(0x0000000022610000,0x0000000022710000)]
  0x000000001b7db800 JavaThread "jar transforms Thread 30" [_thread_blocked, id=4056, stack(0x0000000022510000,0x0000000022610000)]
  0x000000001b7de800 JavaThread "jar transforms Thread 29" [_thread_blocked, id=6664, stack(0x0000000022410000,0x0000000022510000)]
  0x000000001b7de000 JavaThread "jar transforms Thread 28" [_thread_blocked, id=1876, stack(0x0000000022310000,0x0000000022410000)]
  0x000000001b7dd000 JavaThread "jar transforms Thread 27" [_thread_blocked, id=8856, stack(0x0000000022210000,0x0000000022310000)]
  0x000000001cb26800 JavaThread "jar transforms Thread 26" [_thread_blocked, id=18116, stack(0x0000000022110000,0x0000000022210000)]
  0x000000001cb25800 JavaThread "jar transforms Thread 25" [_thread_blocked, id=12024, stack(0x0000000022010000,0x0000000022110000)]
  0x000000001cb27000 JavaThread "jar transforms Thread 24" [_thread_blocked, id=6432, stack(0x0000000021f10000,0x0000000022010000)]
  0x000000001cb25000 JavaThread "jar transforms Thread 23" [_thread_blocked, id=9852, stack(0x0000000021e10000,0x0000000021f10000)]
  0x000000001cb24000 JavaThread "jar transforms Thread 22" [_thread_blocked, id=17640, stack(0x0000000021d10000,0x0000000021e10000)]
  0x000000001cb23800 JavaThread "jar transforms Thread 21" [_thread_blocked, id=13584, stack(0x0000000021c10000,0x0000000021d10000)]
  0x000000001cb1c000 JavaThread "jar transforms Thread 20" [_thread_blocked, id=8044, stack(0x0000000021b10000,0x0000000021c10000)]
  0x000000001cb22000 JavaThread "jar transforms Thread 19" [_thread_blocked, id=11300, stack(0x0000000021a10000,0x0000000021b10000)]
  0x000000001cb22800 JavaThread "jar transforms Thread 18" [_thread_blocked, id=17516, stack(0x0000000021910000,0x0000000021a10000)]
  0x000000001cb1b000 JavaThread "jar transforms Thread 17" [_thread_blocked, id=8392, stack(0x0000000021810000,0x0000000021910000)]
  0x000000001cb1a800 JavaThread "jar transforms Thread 16" [_thread_blocked, id=9384, stack(0x0000000021710000,0x0000000021810000)]
  0x000000001cb20800 JavaThread "jar transforms Thread 15" [_thread_blocked, id=6760, stack(0x0000000021610000,0x0000000021710000)]
  0x000000001cb1f800 JavaThread "jar transforms Thread 14" [_thread_blocked, id=1112, stack(0x0000000021510000,0x0000000021610000)]
  0x000000001cb21000 JavaThread "jar transforms Thread 13" [_thread_blocked, id=16664, stack(0x0000000021410000,0x0000000021510000)]
  0x000000001cb18000 JavaThread "jar transforms Thread 12" [_thread_blocked, id=4044, stack(0x0000000021310000,0x0000000021410000)]
  0x000000001cb19000 JavaThread "jar transforms Thread 11" [_thread_blocked, id=12412, stack(0x0000000021210000,0x0000000021310000)]
  0x000000001cb1c800 JavaThread "jar transforms Thread 10" [_thread_blocked, id=936, stack(0x0000000021110000,0x0000000021210000)]
  0x000000001cb1f000 JavaThread "jar transforms Thread 9" [_thread_blocked, id=2132, stack(0x0000000021010000,0x0000000021110000)]
  0x000000001cb19800 JavaThread "jar transforms Thread 8" [_thread_blocked, id=612, stack(0x0000000020f10000,0x0000000021010000)]
  0x000000001cb1e000 JavaThread "jar transforms Thread 7" [_thread_blocked, id=14824, stack(0x0000000020e10000,0x0000000020f10000)]
  0x000000001cb1d800 JavaThread "jar transforms Thread 6" [_thread_blocked, id=13088, stack(0x0000000020d10000,0x0000000020e10000)]
  0x0000000017763000 JavaThread "jar transforms Thread 5" [_thread_blocked, id=17716, stack(0x0000000020c10000,0x0000000020d10000)]
  0x0000000017760800 JavaThread "jar transforms Thread 4" [_thread_blocked, id=3244, stack(0x0000000020b10000,0x0000000020c10000)]
  0x0000000017762000 JavaThread "jar transforms Thread 3" [_thread_blocked, id=252, stack(0x0000000020a10000,0x0000000020b10000)]
  0x0000000017763800 JavaThread "Build operations Thread 8" [_thread_blocked, id=5016, stack(0x0000000020710000,0x0000000020810000)]
  0x0000000017764800 JavaThread "Build operations Thread 7" [_thread_blocked, id=10384, stack(0x0000000020610000,0x0000000020710000)]
  0x000000001c343800 JavaThread "Build operations Thread 6" [_thread_blocked, id=14204, stack(0x0000000020510000,0x0000000020610000)]
  0x000000001c340000 JavaThread "Build operations Thread 5" [_thread_blocked, id=11792, stack(0x0000000020410000,0x0000000020510000)]
  0x000000001c343000 JavaThread "Build operations Thread 4" [_thread_blocked, id=16780, stack(0x0000000020310000,0x0000000020410000)]
  0x000000001c340800 JavaThread "Build operations Thread 3" [_thread_blocked, id=8980, stack(0x0000000020210000,0x0000000020310000)]
  0x000000001c344800 JavaThread "Build operations Thread 2" [_thread_blocked, id=2076, stack(0x000000001f050000,0x000000001f150000)]
  0x000000001c342000 JavaThread "Build operations" [_thread_blocked, id=11200, stack(0x000000001ed10000,0x000000001ee10000)]
  0x000000001c341800 JavaThread "Cache worker for Build Output Cleanup Cache (D:\.RaNTi\JuaraUKAI\Aplikasi\SIJUKAIApps\android\.gradle\buildOutputCleanup)" [_thread_blocked, id=7404, stack(0x000000001e510000,0x000000001e610000)]
  0x000000001c337800 JavaThread "jar transforms Thread 2" [_thread_blocked, id=17052, stack(0x000000001dd10000,0x000000001de10000)]
  0x000000001c33e800 JavaThread "Cache worker for cache directory md-rule (C:\Users\ACER\.gradle\caches\6.9\md-rule)" [_thread_blocked, id=12896, stack(0x000000001da10000,0x000000001db10000)]
  0x000000001c33d800 JavaThread "Cache worker for cache directory md-supplier (C:\Users\ACER\.gradle\caches\6.9\md-supplier)" [_thread_blocked, id=15868, stack(0x000000001c6e0000,0x000000001c7e0000)]
  0x000000001c336000 JavaThread "Cache worker for checksums cache (D:\.RaNTi\JuaraUKAI\Aplikasi\SIJUKAIApps\android\.gradle\checksums)" [_thread_blocked, id=4960, stack(0x000000001c390000,0x000000001c490000)]
  0x000000001c33b800 JavaThread "Cache worker for file hash cache (D:\.RaNTi\JuaraUKAI\Aplikasi\SIJUKAIApps\android\.gradle\6.9\fileHashes)" [_thread_blocked, id=7152, stack(0x000000001adc0000,0x000000001aec0000)]
  0x000000001c33d000 JavaThread "Daemon client event forwarder" [_thread_blocked, id=5620, stack(0x000000001acc0000,0x000000001adc0000)]
  0x000000001c336800 JavaThread "Stdin handler" [_thread_blocked, id=9784, stack(0x000000001aac0000,0x000000001abc0000)]
  0x000000001c33a800 JavaThread "Asynchronous log dispatcher for DefaultDaemonConnection: socket connection from /127.0.0.1:7497 to /127.0.0.1:25403" [_thread_blocked, id=7696, stack(0x00000000011d0000,0x00000000012d0000)]
  0x000000001c339000 JavaThread "Cancel handler" [_thread_blocked, id=13880, stack(0x00000000010d0000,0x00000000011d0000)]
  0x000000001c33a000 JavaThread "Handler for socket connection from /127.0.0.1:7497 to /127.0.0.1:25403" [_thread_in_native, id=11688, stack(0x0000000000fd0000,0x00000000010d0000)]
  0x0000000017765000 JavaThread "Cache worker for file content cache (C:\Users\ACER\.gradle\caches\6.9\fileContent)" [_thread_blocked, id=3628, stack(0x000000001e610000,0x000000001e710000)]
  0x0000000017760000 JavaThread "Cache worker for execution history cache (C:\Users\ACER\.gradle\caches\6.9\executionHistory)" [_thread_blocked, id=16348, stack(0x000000001de10000,0x000000001df10000)]
  0x0000000017766800 JavaThread "Cache worker for journal cache (C:\Users\ACER\.gradle\caches\journal-1)" [_thread_blocked, id=2612, stack(0x000000001b2c0000,0x000000001b3c0000)]
  0x0000000017766000 JavaThread "File lock request listener" [_thread_in_native, id=8704, stack(0x000000001b1c0000,0x000000001b2c0000)]
  0x00000000173ee000 JavaThread "Cache worker for file hash cache (C:\Users\ACER\.gradle\caches\6.9\fileHashes)" [_thread_blocked, id=8876, stack(0x000000001b0c0000,0x000000001b1c0000)]
  0x0000000019120800 JavaThread "Daemon worker" [_thread_in_Java, id=15244, stack(0x000000001a9c0000,0x000000001aac0000)]
  0x0000000018147000 JavaThread "Daemon" [_thread_blocked, id=18360, stack(0x000000001a6c0000,0x000000001a7c0000)]
  0x000000001907e800 JavaThread "Daemon periodic checks" [_thread_blocked, id=868, stack(0x000000001a3c0000,0x000000001a4c0000)]
  0x0000000019078000 JavaThread "Incoming local TCP Connector on port 7497" [_thread_in_native, id=4068, stack(0x000000001a180000,0x000000001a280000)]
  0x0000000018f9a800 JavaThread "Daemon health stats" [_thread_blocked, id=15736, stack(0x0000000019d40000,0x0000000019e40000)]
  0x000000001653b000 JavaThread "Service Thread" daemon [_thread_blocked, id=5912, stack(0x00000000171a0000,0x00000000172a0000)]
  0x00000000164e4800 JavaThread "C1 CompilerThread3" daemon [_thread_in_native, id=18056, stack(0x00000000170a0000,0x00000000171a0000)]
  0x00000000164dd800 JavaThread "C2 CompilerThread2" daemon [_thread_in_native, id=16132, stack(0x0000000016fa0000,0x00000000170a0000)]
=>0x00000000164d9800 JavaThread "C2 CompilerThread1" daemon [_thread_in_native, id=3036, stack(0x0000000016ea0000,0x0000000016fa0000)]
  0x00000000164d3000 JavaThread "C2 CompilerThread0" daemon [_thread_in_native, id=12988, stack(0x0000000016da0000,0x0000000016ea0000)]
  0x00000000164d1000 JavaThread "Attach Listener" daemon [_thread_blocked, id=11152, stack(0x0000000016ca0000,0x0000000016da0000)]
  0x00000000164d0000 JavaThread "Signal Dispatcher" daemon [_thread_blocked, id=16876, stack(0x0000000016ba0000,0x0000000016ca0000)]
  0x00000000164c1000 JavaThread "Finalizer" daemon [_thread_blocked, id=9316, stack(0x00000000169a0000,0x0000000016aa0000)]
  0x00000000164c0800 JavaThread "Reference Handler" daemon [_thread_blocked, id=632, stack(0x00000000168a0000,0x00000000169a0000)]
  0x0000000002d62800 JavaThread "main" [_thread_blocked, id=5612, stack(0x0000000002c00000,0x0000000002d00000)]

Other Threads:
  0x00000000146c6800 VMThread [stack: 0x00000000163a0000,0x00000000164a0000] [id=14548]
  0x000000001653d000 WatcherThread [stack: 0x00000000172a0000,0x00000000173a0000] [id=7412]

VM state:not at safepoint (normal execution)

VM Mutex/Monitor currently owned by a thread: None

heap address: 0x00000000e0000000, size: 512 MB, Compressed Oops mode: 32-bit
Narrow klass base: 0x0000000000000000, Narrow klass shift: 3
Compressed class space size: 1073741824 Address: 0x0000000100000000

Heap:
 PSYoungGen      total 145920K, used 50658K [0x00000000f5580000, 0x0000000100000000, 0x0000000100000000)
  eden space 133632K, 37% used [0x00000000f5580000,0x00000000f86f8b38,0x00000000fd800000)
  from space 12288K, 0% used [0x00000000ff400000,0x00000000ff400000,0x0000000100000000)
  to   space 20480K, 0% used [0x00000000fd800000,0x00000000fd800000,0x00000000fec00000)
 ParOldGen       total 187904K, used 38771K [0x00000000e0000000, 0x00000000eb780000, 0x00000000f5580000)
  object space 187904K, 20% used [0x00000000e0000000,0x00000000e25dcdf8,0x00000000eb780000)
 Metaspace       used 59082K, capacity 61802K, committed 62080K, reserved 1101824K
  class space    used 8113K, capacity 8723K, committed 8832K, reserved 1048576K

Card table byte_map: [0x0000000012220000,0x0000000012330000] byte_map_base: 0x0000000011b20000

Marking Bits: (ParMarkBitMap*) 0x000000005891be90
 Begin Bits: [0x0000000012be0000, 0x00000000133e0000)
 End Bits:   [0x00000000133e0000, 0x0000000013be0000)

Polling page: 0x0000000002bd0000

CodeCache: size=245760Kb used=18107Kb max_used=18107Kb free=227652Kb
 bounds [0x0000000002e60000, 0x0000000004030000, 0x0000000011e60000]
 total_blobs=6031 nmethods=5245 adapters=700
 compilation: enabled

Compilation events (10 events):
Event: 116.865 Thread 0x00000000164e4800 5869       3       groovyjarjarasm.asm.SymbolTable::hash (15 bytes)
Event: 116.865 Thread 0x00000000164e4800 nmethod 5869 0x0000000004003610 code [0x0000000004003780, 0x0000000004003a58]
Event: 116.865 Thread 0x00000000164e4800 5870       3       groovyjarjarasm.asm.SymbolTable$Entry::<init> (18 bytes)
Event: 116.866 Thread 0x00000000164e4800 nmethod 5870 0x0000000004003b90 code [0x0000000004003d00, 0x0000000004003ec8]
Event: 116.872 Thread 0x00000000164e4800 5871       3       org.gradle.groovy.scripts.DelegatingScriptSource::getClassName (10 bytes)
Event: 116.873 Thread 0x00000000164e4800 nmethod 5871 0x0000000004003f90 code [0x0000000004004100, 0x0000000004004328]
Event: 116.873 Thread 0x00000000164e4800 5872       3       org.gradle.groovy.scripts.TextResourceScriptSource::getClassName (20 bytes)
Event: 116.873 Thread 0x00000000164e4800 nmethod 5872 0x00000000040043d0 code [0x0000000004004540, 0x0000000004004728]
Event: 116.877 Thread 0x00000000164e4800 5873       3       java.lang.Class$MethodArray::removeLessSpecifics (111 bytes)
Event: 116.879 Thread 0x00000000164e4800 nmethod 5873 0x00000000040047d0 code [0x00000000040049e0, 0x0000000004005758]

GC Heap History (10 events):
Event: 99.560 GC heap before
{Heap before GC invocations=9 (full 2):
 PSYoungGen      total 112640K, used 10209K [0x00000000f5580000, 0x0000000100000000, 0x0000000100000000)
  eden space 100352K, 0% used [0x00000000f5580000,0x00000000f5580000,0x00000000fb780000)
  from space 12288K, 83% used [0x00000000fb780000,0x00000000fc178400,0x00000000fc380000)
  to   space 12288K, 0% used [0x00000000ff400000,0x00000000ff400000,0x0000000100000000)
 ParOldGen       total 175104K, used 8626K [0x00000000e0000000, 0x00000000eab00000, 0x00000000f5580000)
  object space 175104K, 4% used [0x00000000e0000000,0x00000000e086cab0,0x00000000eab00000)
 Metaspace       used 34118K, capacity 35414K, committed 35496K, reserved 1079296K
  class space    used 4725K, capacity 5051K, committed 5120K, reserved 1048576K
Event: 99.609 GC heap after
Heap after GC invocations=9 (full 2):
 PSYoungGen      total 112640K, used 0K [0x00000000f5580000, 0x0000000100000000, 0x0000000100000000)
  eden space 100352K, 0% used [0x00000000f5580000,0x00000000f5580000,0x00000000fb780000)
  from space 12288K, 0% used [0x00000000fb780000,0x00000000fb780000,0x00000000fc380000)
  to   space 12288K, 0% used [0x00000000ff400000,0x00000000ff400000,0x0000000100000000)
 ParOldGen       total 175104K, used 16801K [0x00000000e0000000, 0x00000000eab00000, 0x00000000f5580000)
  object space 175104K, 9% used [0x00000000e0000000,0x00000000e1068760,0x00000000eab00000)
 Metaspace       used 34118K, capacity 35414K, committed 35496K, reserved 1079296K
  class space    used 4725K, capacity 5051K, committed 5120K, reserved 1048576K
}
Event: 100.757 GC heap before
{Heap before GC invocations=10 (full 2):
 PSYoungGen      total 112640K, used 100352K [0x00000000f5580000, 0x0000000100000000, 0x0000000100000000)
  eden space 100352K, 100% used [0x00000000f5580000,0x00000000fb780000,0x00000000fb780000)
  from space 12288K, 0% used [0x00000000fb780000,0x00000000fb780000,0x00000000fc380000)
  to   space 12288K, 0% used [0x00000000ff400000,0x00000000ff400000,0x0000000100000000)
 ParOldGen       total 175104K, used 16801K [0x00000000e0000000, 0x00000000eab00000, 0x00000000f5580000)
  object space 175104K, 9% used [0x00000000e0000000,0x00000000e1068760,0x00000000eab00000)
 Metaspace       used 38700K, capacity 40662K, committed 40832K, reserved 1085440K
  class space    used 5321K, capacity 5748K, committed 5760K, reserved 1048576K
Event: 100.764 GC heap after
Heap after GC invocations=10 (full 2):
 PSYoungGen      total 162304K, used 7550K [0x00000000f5580000, 0x0000000100000000, 0x0000000100000000)
  eden space 150016K, 0% used [0x00000000f5580000,0x00000000f5580000,0x00000000fe800000)
  from space 12288K, 61% used [0x00000000ff400000,0x00000000ffb5fa58,0x0000000100000000)
  to   space 12288K, 0% used [0x00000000fe800000,0x00000000fe800000,0x00000000ff400000)
 ParOldGen       total 175104K, used 16809K [0x00000000e0000000, 0x00000000eab00000, 0x00000000f5580000)
  object space 175104K, 9% used [0x00000000e0000000,0x00000000e106a760,0x00000000eab00000)
 Metaspace       used 38700K, capacity 40662K, committed 40832K, reserved 1085440K
  class space    used 5321K, capacity 5748K, committed 5760K, reserved 1048576K
}
Event: 103.638 GC heap before
{Heap before GC invocations=11 (full 2):
 PSYoungGen      total 162304K, used 157566K [0x00000000f5580000, 0x0000000100000000, 0x0000000100000000)
  eden space 150016K, 100% used [0x00000000f5580000,0x00000000fe800000,0x00000000fe800000)
  from space 12288K, 61% used [0x00000000ff400000,0x00000000ffb5fa58,0x0000000100000000)
  to   space 12288K, 0% used [0x00000000fe800000,0x00000000fe800000,0x00000000ff400000)
 ParOldGen       total 175104K, used 16809K [0x00000000e0000000, 0x00000000eab00000, 0x00000000f5580000)
  object space 175104K, 9% used [0x00000000e0000000,0x00000000e106a760,0x00000000eab00000)
 Metaspace       used 49479K, capacity 51840K, committed 51968K, reserved 1093632K
  class space    used 6645K, capacity 7163K, committed 7168K, reserved 1048576K
Event: 103.654 GC heap after
Heap after GC invocations=11 (full 2):
 PSYoungGen      total 162304K, used 12263K [0x00000000f5580000, 0x0000000100000000, 0x0000000100000000)
  eden space 150016K, 0% used [0x00000000f5580000,0x00000000f5580000,0x00000000fe800000)
  from space 12288K, 99% used [0x00000000fe800000,0x00000000ff3f9cd8,0x00000000ff400000)
  to   space 12288K, 0% used [0x00000000ff400000,0x00000000ff400000,0x0000000100000000)
 ParOldGen       total 175104K, used 22387K [0x00000000e0000000, 0x00000000eab00000, 0x00000000f5580000)
  object space 175104K, 12% used [0x00000000e0000000,0x00000000e15dce90,0x00000000eab00000)
 Metaspace       used 49479K, capacity 51840K, committed 51968K, reserved 1093632K
  class space    used 6645K, capacity 7163K, committed 7168K, reserved 1048576K
}
Event: 116.102 GC heap before
{Heap before GC invocations=12 (full 2):
 PSYoungGen      total 162304K, used 146370K [0x00000000f5580000, 0x0000000100000000, 0x0000000100000000)
  eden space 150016K, 89% used [0x00000000f5580000,0x00000000fd876c18,0x00000000fe800000)
  from space 12288K, 99% used [0x00000000fe800000,0x00000000ff3f9cd8,0x00000000ff400000)
  to   space 12288K, 0% used [0x00000000ff400000,0x00000000ff400000,0x0000000100000000)
 ParOldGen       total 175104K, used 22387K [0x00000000e0000000, 0x00000000eab00000, 0x00000000f5580000)
  object space 175104K, 12% used [0x00000000e0000000,0x00000000e15dce90,0x00000000eab00000)
 Metaspace       used 56400K, capacity 59106K, committed 59160K, reserved 1099776K
  class space    used 7640K, capacity 8269K, committed 8320K, reserved 1048576K
Event: 116.118 GC heap after
Heap after GC invocations=12 (full 2):
 PSYoungGen      total 145920K, used 12259K [0x00000000f5580000, 0x0000000100000000, 0x0000000100000000)
  eden space 133632K, 0% used [0x00000000f5580000,0x00000000f5580000,0x00000000fd800000)
  from space 12288K, 99% used [0x00000000ff400000,0x00000000ffff8d18,0x0000000100000000)
  to   space 20480K, 0% used [0x00000000fd800000,0x00000000fd800000,0x00000000fec00000)
 ParOldGen       total 175104K, used 35044K [0x00000000e0000000, 0x00000000eab00000, 0x00000000f5580000)
  object space 175104K, 20% used [0x00000000e0000000,0x00000000e22391a0,0x00000000eab00000)
 Metaspace       used 56400K, capacity 59106K, committed 59160K, reserved 1099776K
  class space    used 7640K, capacity 8269K, committed 8320K, reserved 1048576K
}
Event: 116.118 GC heap before
{Heap before GC invocations=13 (full 3):
 PSYoungGen      total 145920K, used 12259K [0x00000000f5580000, 0x0000000100000000, 0x0000000100000000)
  eden space 133632K, 0% used [0x00000000f5580000,0x00000000f5580000,0x00000000fd800000)
  from space 12288K, 99% used [0x00000000ff400000,0x00000000ffff8d18,0x0000000100000000)
  to   space 20480K, 0% used [0x00000000fd800000,0x00000000fd800000,0x00000000fec00000)
 ParOldGen       total 175104K, used 35044K [0x00000000e0000000, 0x00000000eab00000, 0x00000000f5580000)
  object space 175104K, 20% used [0x00000000e0000000,0x00000000e22391a0,0x00000000eab00000)
 Metaspace       used 56400K, capacity 59106K, committed 59160K, reserved 1099776K
  class space    used 7640K, capacity 8269K, committed 8320K, reserved 1048576K
Event: 116.323 GC heap after
Heap after GC invocations=13 (full 3):
 PSYoungGen      total 145920K, used 0K [0x00000000f5580000, 0x0000000100000000, 0x0000000100000000)
  eden space 133632K, 0% used [0x00000000f5580000,0x00000000f5580000,0x00000000fd800000)
  from space 12288K, 0% used [0x00000000ff400000,0x00000000ff400000,0x0000000100000000)
  to   space 20480K, 0% used [0x00000000fd800000,0x00000000fd800000,0x00000000fec00000)
 ParOldGen       total 187904K, used 38771K [0x00000000e0000000, 0x00000000eb780000, 0x00000000f5580000)
  object space 187904K, 20% used [0x00000000e0000000,0x00000000e25dcdf8,0x00000000eb780000)
 Metaspace       used 56330K, capacity 58866K, committed 59160K, reserved 1099776K
  class space    used 7618K, capacity 8229K, committed 8320K, reserved 1048576K
}

Deoptimization events (10 events):
Event: 104.684 Thread 0x0000000019120800 Uncommon trap: reason=unstable_if action=reinterpret pc=0x000000000326d13c method=org.codehaus.groovy.runtime.metaclass.MetaMethodIndex.addMethodToList(Ljava/lang/Object;Lgroovy/lang/MetaMethod;)Ljava/lang/Object; @ 256
Event: 104.728 Thread 0x0000000019120800 Uncommon trap: reason=unstable_if action=reinterpret pc=0x0000000003c76150 method=java.util.HashMap.getNode(ILjava/lang/Object;)Ljava/util/HashMap$Node; @ 84
Event: 104.728 Thread 0x0000000019120800 Uncommon trap: reason=unstable_if action=reinterpret pc=0x0000000003a177a4 method=java.util.HashMap.putVal(ILjava/lang/Object;Ljava/lang/Object;ZZ)Ljava/lang/Object; @ 109
Event: 104.728 Thread 0x0000000019120800 Uncommon trap: reason=unstable_if action=reinterpret pc=0x00000000033f8790 method=java.util.HashMap.getNode(ILjava/lang/Object;)Ljava/util/HashMap$Node; @ 84
Event: 104.728 Thread 0x0000000019120800 Uncommon trap: reason=unstable_if action=reinterpret pc=0x000000000306e168 method=java.util.HashMap.putVal(ILjava/lang/Object;Ljava/lang/Object;ZZ)Ljava/lang/Object; @ 109
Event: 104.728 Thread 0x0000000019120800 Uncommon trap: reason=unstable_if action=reinterpret pc=0x000000000319f938 method=java.util.HashMap.resize()[Ljava/util/HashMap$Node; @ 206
Event: 115.706 Thread 0x0000000019120800 Uncommon trap: reason=unstable_if action=reinterpret pc=0x0000000002f8d138 method=java.io.BufferedReader.readLine(Z)Ljava/lang/String; @ 192
Event: 116.836 Thread 0x0000000019120800 Uncommon trap: reason=unstable_if action=reinterpret pc=0x0000000003fa15dc method=java.lang.reflect.Executable.printModifiersIfNonzero(Ljava/lang/StringBuilder;IZ)V @ 14
Event: 116.859 Thread 0x0000000019120800 Uncommon trap: reason=unstable_if action=reinterpret pc=0x000000000334c300 method=sun.misc.URLClassPath$JarLoader.getResource(Ljava/lang/String;ZLjava/util/Set;)Lsun/misc/Resource; @ 17
Event: 116.877 Thread 0x0000000019120800 Uncommon trap: reason=unstable_if action=reinterpret pc=0x00000000037ca0f4 method=java.lang.Class$MethodArray.removeLessSpecifics()V @ 25

Classes redefined (0 events):
No events

Internal exceptions (10 events):
Event: 116.862 Thread 0x0000000019120800 Exception <a 'java/security/PrivilegedActionException'> (0x00000000f7613c18) thrown at [C:\cygwin64\tmp\build\source\java-1.8.0-openjdk\tmp\jdk8u\hotspot\src\share\vm\prims\jvm.cpp, line 1512]
Event: 116.862 Thread 0x0000000019120800 Exception <a 'java/lang/ClassNotFoundException': org/apache/tools/ant/taskdefs/condition/OsBeanInfo> (0x00000000f761ebe0) thrown at [C:\cygwin64\tmp\build\source\java-1.8.0-openjdk\tmp\jdk8u\hotspot\src\share\vm\classfile\systemDictionary.cpp, line 215]
Event: 116.863 Thread 0x0000000019120800 Exception <a 'java/security/PrivilegedActionException'> (0x00000000f7623a58) thrown at [C:\cygwin64\tmp\build\source\java-1.8.0-openjdk\tmp\jdk8u\hotspot\src\share\vm\prims\jvm.cpp, line 1512]
Event: 116.863 Thread 0x0000000019120800 Exception <a 'java/security/PrivilegedActionException'> (0x00000000f76249c0) thrown at [C:\cygwin64\tmp\build\source\java-1.8.0-openjdk\tmp\jdk8u\hotspot\src\share\vm\prims\jvm.cpp, line 1512]
Event: 116.863 Thread 0x0000000019120800 Exception <a 'java/security/PrivilegedActionException'> (0x00000000f762a828) thrown at [C:\cygwin64\tmp\build\source\java-1.8.0-openjdk\tmp\jdk8u\hotspot\src\share\vm\prims\jvm.cpp, line 1512]
Event: 116.863 Thread 0x0000000019120800 Exception <a 'java/security/PrivilegedActionException'> (0x00000000f762b790) thrown at [C:\cygwin64\tmp\build\source\java-1.8.0-openjdk\tmp\jdk8u\hotspot\src\share\vm\prims\jvm.cpp, line 1512]
Event: 116.864 Thread 0x0000000019120800 Exception <a 'java/security/PrivilegedActionException'> (0x00000000f7630a20) thrown at [C:\cygwin64\tmp\build\source\java-1.8.0-openjdk\tmp\jdk8u\hotspot\src\share\vm\prims\jvm.cpp, line 1512]
Event: 116.864 Thread 0x0000000019120800 Exception <a 'java/security/PrivilegedActionException'> (0x00000000f7631988) thrown at [C:\cygwin64\tmp\build\source\java-1.8.0-openjdk\tmp\jdk8u\hotspot\src\share\vm\prims\jvm.cpp, line 1512]
Event: 116.864 Thread 0x0000000019120800 Exception <a 'java/lang/ClassNotFoundException': org/apache/tools/ant/taskdefs/condition/OsCustomizer> (0x00000000f763d238) thrown at [C:\cygwin64\tmp\build\source\java-1.8.0-openjdk\tmp\jdk8u\hotspot\src\share\vm\classfile\systemDictionary.cpp, line 215]
Event: 116.877 Thread 0x0000000019120800 Implicit null exception at 0x00000000037c9d6c to 0x00000000037ca0d9

Events (10 events):
Event: 116.872 loading class org/gradle/api/tasks/Exec done
Event: 116.872 loading class org/gradle/api/tasks/AbstractExecTask
Event: 116.872 loading class org/gradle/api/tasks/AbstractExecTask done
Event: 116.875 loading class groovy/runtime/metaclass/react_1lnunyxu8vl7lffbhb4j0jtwe$_run_closure4$_closure6$_closure7MetaClass
Event: 116.875 loading class groovy/runtime/metaclass/react_1lnunyxu8vl7lffbhb4j0jtwe$_run_closure4$_closure6$_closure7MetaClass done
Event: 116.876 loading class groovy/runtime/metaclass/org/gradle/api/internal/tasks/DefaultTaskContainer_DecoratedMetaClass
Event: 116.876 loading class groovy/runtime/metaclass/org/gradle/api/internal/tasks/DefaultTaskContainer_DecoratedMetaClass done
Event: 116.877 Thread 0x0000000019120800 Uncommon trap: trap_request=0xffffff65 fr.pc=0x00000000037ca0f4
Event: 116.877 Thread 0x0000000019120800 DEOPT PACKING pc=0x00000000037ca0f4 sp=0x000000001aab61a0
Event: 116.877 Thread 0x0000000019120800 DEOPT UNPACKING pc=0x0000000002ea557b sp=0x000000001aab6170 mode 2


Dynamic libraries:
0x00007ff7dc770000 - 0x00007ff7dc7a5000 	C:\Program Files\OpenJDK\openjdk-8u262-b10\bin\java.exe
0x00007ffbc7750000 - 0x00007ffbc7945000 	C:\WINDOWS\SYSTEM32\ntdll.dll
0x00007ffbc6080000 - 0x00007ffbc613e000 	C:\WINDOWS\System32\KERNEL32.DLL
0x00007ffbc5390000 - 0x00007ffbc5658000 	C:\WINDOWS\System32\KERNELBASE.dll
0x00007ffbc7650000 - 0x00007ffbc76fc000 	C:\WINDOWS\System32\ADVAPI32.dll
0x00007ffbc5e90000 - 0x00007ffbc5f2e000 	C:\WINDOWS\System32\msvcrt.dll
0x00007ffbc5fe0000 - 0x00007ffbc607b000 	C:\WINDOWS\System32\sechost.dll
0x00007ffbc6d50000 - 0x00007ffbc6e7a000 	C:\WINDOWS\System32\RPCRT4.dll
0x00007ffbc6770000 - 0x00007ffbc6911000 	C:\WINDOWS\System32\USER32.dll
0x00007ffbc52d0000 - 0x00007ffbc52f2000 	C:\WINDOWS\System32\win32u.dll
0x00007ffbc6200000 - 0x00007ffbc622b000 	C:\WINDOWS\System32\GDI32.dll
0x00007ffbc4ec0000 - 0x00007ffbc4fcb000 	C:\WINDOWS\System32\gdi32full.dll
0x00007ffbc5230000 - 0x00007ffbc52cd000 	C:\WINDOWS\System32\msvcp_win.dll
0x00007ffbc4fd0000 - 0x00007ffbc50d0000 	C:\WINDOWS\System32\ucrtbase.dll
0x00007ffbb30e0000 - 0x00007ffbb337a000 	C:\WINDOWS\WinSxS\amd64_microsoft.windows.common-controls_6595b64144ccf1df_6.0.19041.1110_none_60b5254171f9507e\COMCTL32.dll
0x00007ffbc75c0000 - 0x00007ffbc75f0000 	C:\WINDOWS\System32\IMM32.DLL
0x00000000589a0000 - 0x0000000058a72000 	C:\Program Files\OpenJDK\openjdk-8u262-b10\jre\bin\msvcr100.dll
0x0000000058170000 - 0x0000000058998000 	C:\Program Files\OpenJDK\openjdk-8u262-b10\jre\bin\server\jvm.dll
0x00007ffbc7700000 - 0x00007ffbc7708000 	C:\WINDOWS\System32\PSAPI.DLL
0x00007ffbb98e0000 - 0x00007ffbb98e9000 	C:\WINDOWS\SYSTEM32\WSOCK32.dll
0x00007ffbbd830000 - 0x00007ffbbd83a000 	C:\WINDOWS\SYSTEM32\VERSION.dll
0x00007ffbbb090000 - 0x00007ffbbb0b7000 	C:\WINDOWS\SYSTEM32\WINMM.dll
0x00007ffbc6700000 - 0x00007ffbc676b000 	C:\WINDOWS\System32\WS2_32.dll
0x00007ffbb9250000 - 0x00007ffbb925f000 	C:\Program Files\OpenJDK\openjdk-8u262-b10\jre\bin\verify.dll
0x00007ffbb8e10000 - 0x00007ffbb8e39000 	C:\Program Files\OpenJDK\openjdk-8u262-b10\jre\bin\java.dll
0x00007ffbb8df0000 - 0x00007ffbb8e06000 	C:\Program Files\OpenJDK\openjdk-8u262-b10\jre\bin\zip.dll
0x00007ffbc6e80000 - 0x00007ffbc75bf000 	C:\WINDOWS\System32\SHELL32.dll
0x00007ffbc2f70000 - 0x00007ffbc3700000 	C:\WINDOWS\SYSTEM32\windows.storage.dll
0x00007ffbc69f0000 - 0x00007ffbc6d45000 	C:\WINDOWS\System32\combase.dll
0x00007ffbc47f0000 - 0x00007ffbc481e000 	C:\WINDOWS\SYSTEM32\Wldp.dll
0x00007ffbc6520000 - 0x00007ffbc65cd000 	C:\WINDOWS\System32\SHCORE.dll
0x00007ffbc75f0000 - 0x00007ffbc7645000 	C:\WINDOWS\System32\shlwapi.dll
0x00007ffbc4db0000 - 0x00007ffbc4dcf000 	C:\WINDOWS\SYSTEM32\profapi.dll
0x00007ffbb8dd0000 - 0x00007ffbb8dea000 	C:\Program Files\OpenJDK\openjdk-8u262-b10\jre\bin\net.dll
0x00007ffbc4550000 - 0x00007ffbc45ba000 	C:\WINDOWS\system32\mswsock.dll
0x00007ffbb8db0000 - 0x00007ffbb8dc2000 	C:\Program Files\OpenJDK\openjdk-8u262-b10\jre\bin\nio.dll
0x00007ffba5f10000 - 0x00007ffba5f37000 	C:\Users\ACER\.gradle\native\49d0259a56938c7f99b2704e745ce422c4f750a7a20b539a32ccef96729676b1\windows-amd64\native-platform.dll
0x00007ffb71fa0000 - 0x00007ffb72131000 	C:\Users\ACER\.gradle\native\12488b8bf47d2d4c9fbf2f6322a914ad602e24e48041cd04a747c6da556b65c4\windows-amd64\native-platform-file-events.dll
0x00007ffbb8da0000 - 0x00007ffbb8dad000 	C:\Program Files\OpenJDK\openjdk-8u262-b10\jre\bin\management.dll
0x00007ffbc4750000 - 0x00007ffbc4768000 	C:\WINDOWS\SYSTEM32\CRYPTSP.dll
0x00007ffbc3ed0000 - 0x00007ffbc3f04000 	C:\WINDOWS\system32\rsaenh.dll
0x00007ffbc5710000 - 0x00007ffbc5737000 	C:\WINDOWS\System32\bcrypt.dll
0x00007ffbc4d70000 - 0x00007ffbc4d9e000 	C:\WINDOWS\SYSTEM32\USERENV.dll
0x00007ffbc5300000 - 0x00007ffbc5383000 	C:\WINDOWS\System32\bcryptprimitives.dll
0x00007ffbc4740000 - 0x00007ffbc474c000 	C:\WINDOWS\SYSTEM32\CRYPTBASE.dll
0x00007ffbc4240000 - 0x00007ffbc427b000 	C:\WINDOWS\SYSTEM32\IPHLPAPI.DLL
0x00007ffbc61f0000 - 0x00007ffbc61f8000 	C:\WINDOWS\System32\NSI.dll
0x00007ffbbd870000 - 0x00007ffbbd887000 	C:\WINDOWS\SYSTEM32\dhcpcsvc6.DLL
0x00007ffbbd850000 - 0x00007ffbbd86d000 	C:\WINDOWS\SYSTEM32\dhcpcsvc.DLL
0x00007ffbc4280000 - 0x00007ffbc434b000 	C:\WINDOWS\SYSTEM32\DNSAPI.dll

VM Arguments:
jvm_args: -XX:MaxMetaspaceSize=256m -XX:+HeapDumpOnOutOfMemoryError -Xms256m -Xmx512m -Dfile.encoding=windows-1252 -Duser.country=ID -Duser.language=en -Duser.variant 
java_command: org.gradle.launcher.daemon.bootstrap.GradleDaemon 6.9
java_class_path (initial): C:\Users\ACER\.gradle\wrapper\dists\gradle-6.9-all\dooywd8nv05k16orzxge2b1bs\gradle-6.9\lib\gradle-launcher-6.9.jar
Launcher Type: SUN_STANDARD

Environment Variables:
JAVA_HOME=C:\Program Files\OpenJDK\openjdk-8u262-b10
CLASSPATH=D:\.RaNTi\JuaraUKAI\Aplikasi\SIJUKAIApps\android\\gradle\wrapper\gradle-wrapper.jar
PATH=D:\.RaNTi\JuaraUKAI\Aplikasi\SIJUKAIApps\android\node_modules\.bin;D:\.RaNTi\JuaraUKAI\Aplikasi\SIJUKAIApps\node_modules\.bin;D:\.RaNTi\JuaraUKAI\Aplikasi\node_modules\.bin;D:\.RaNTi\JuaraUKAI\node_modules\.bin;D:\.RaNTi\node_modules\.bin;D:\node_modules\.bin;E:\nodejs;D:\.RaNTi\JuaraUKAI\Aplikasi\SIJUKAIApps\node_modules\.bin;C:\Python27\;C:\Python27\Scripts;C:\Program Files (x86)\Common Files\Oracle\Java\javapath;C:\WINDOWS\system32;C:\WINDOWS;C:\WINDOWS\System32\Wbem;C:\WINDOWS\System32\WindowsPowerShell\v1.0\;C:\WINDOWS\System32\OpenSSH\;C:\Program Files (x86)\Windows Kits\10\Windows Performance Toolkit\;C:\ProgramData\chocolatey\bin;E:\nodejs\;C:\Program Files\OpenJDK\openjdk-8u262-b10\bin;E:\Git\cmd;C:\Program Files\dotnet\;C:\Users\ACER\AppData\Local\Microsoft\WindowsApps;E:\Microsoft VS Code\bin;C:\Users\ACER\AppData\Roaming\npm;C:\Users\ACER\AppData\Local\Android\Sdk\platform-tools;C:\Users\ACER\.dotnet\tools
USERNAME=ACER
OS=Windows_NT
PROCESSOR_IDENTIFIER=AMD64 Family 23 Model 17 Stepping 0, AuthenticAMD



---------------  S Y S T E M  ---------------

OS: Windows 10.0 , 64 bit Build 19041 (10.0.19041.1348)

CPU:total 8 (initial active 8) (8 cores per cpu, 1 threads per core) family 23 model 17 stepping 0, cmov, cx8, fxsr, mmx, sse, sse2, sse3, ssse3, sse4.1, sse4.2, popcnt, avx, avx2, aes, clmul, mmxext, 3dnowpref, lzcnt, sse4a, tsc, tscinvbit, tscinv, bmi1

Memory: 4k page, physical 7238224k(329312k free), swap 22721484k(4192k free)

vm_info: OpenJDK 64-Bit Server VM (25.262-b10) for windows-amd64 JRE (1.8.0_262-b10), built on Jul 13 2020 11:27:33 by "build" with MS VC++ 10.0 (VS2010)

time: Mon Dec 06 16:02:27 2021
timezone: Malay Peninsula Standard Time
elapsed time: 116 seconds (0d 0h 1m 56s)

